[2025-03-31 12:23:12.346] [info] Updating Model file from 40000 to latest format...
[2025-03-31 12:23:12.373] [info] Loaded model 3DGaitModelwithSimpleArms from file C:\Users\eriks\Documents\Code\opensimAD_linux\examples\Hamner_modified.osim
[2025-03-31 12:23:12.375] [warning] Couldn't find file 'sacrum.vtp'.
[2025-03-31 12:23:12.375] [warning] Couldn't find file 'pelvis.vtp'.
[2025-03-31 12:23:12.375] [warning] Couldn't find file 'l_pelvis.vtp'.
[2025-03-31 12:23:12.375] [warning] Couldn't find file 'femur_r.vtp'.
[2025-03-31 12:23:12.375] [warning] Couldn't find file 'tibia_r.vtp'.
[2025-03-31 12:23:12.376] [warning] Couldn't find file 'fibula_r.vtp'.
[2025-03-31 12:23:12.376] [warning] Couldn't find file 'talus_rv.vtp'.
[2025-03-31 12:23:12.376] [warning] Couldn't find file 'foot.vtp'.
[2025-03-31 12:23:12.376] [warning] Couldn't find file 'bofoot.vtp'.
[2025-03-31 12:23:12.376] [warning] Couldn't find file 'femur_l.vtp'.
[2025-03-31 12:23:12.377] [warning] Couldn't find file 'tibia_l.vtp'.
[2025-03-31 12:23:12.377] [warning] Couldn't find file 'fibula_l.vtp'.
[2025-03-31 12:23:12.377] [warning] Couldn't find file 'talus_lv.vtp'.
[2025-03-31 12:23:12.377] [warning] Couldn't find file 'l_foot.vtp'.
[2025-03-31 12:23:12.377] [warning] Couldn't find file 'l_bofoot.vtp'.
[2025-03-31 12:23:12.377] [warning] Couldn't find file 'hat_spine.vtp'.
[2025-03-31 12:23:12.377] [warning] Couldn't find file 'hat_jaw.vtp'.
[2025-03-31 12:23:12.378] [warning] Couldn't find file 'hat_skull.vtp'.
[2025-03-31 12:23:12.378] [warning] Couldn't find file 'hat_ribs_scap.vtp'.
[2025-03-31 12:23:12.378] [warning] Couldn't find file 'humerus_rv.vtp'.
[2025-03-31 12:23:12.378] [warning] Couldn't find file 'ulna_rv.vtp'.
[2025-03-31 12:23:12.378] [warning] Couldn't find file 'radius_rv.vtp'.
[2025-03-31 12:23:12.378] [warning] Couldn't find file 'pisiform_rvs.vtp'.
[2025-03-31 12:23:12.378] [warning] Couldn't find file 'lunate_rvs.vtp'.
[2025-03-31 12:23:12.378] [warning] Couldn't find file 'scaphoid_rvs.vtp'.
[2025-03-31 12:23:12.379] [warning] Couldn't find file 'triquetrum_rvs.vtp'.
[2025-03-31 12:23:12.379] [warning] Couldn't find file 'hamate_rvs.vtp'.
[2025-03-31 12:23:12.379] [warning] Couldn't find file 'capitate_rvs.vtp'.
[2025-03-31 12:23:12.379] [warning] Couldn't find file 'trapezoid_rvs.vtp'.
[2025-03-31 12:23:12.379] [warning] Couldn't find file 'trapezium_rvs.vtp'.
[2025-03-31 12:23:12.379] [warning] Couldn't find file 'metacarpal2_rvs.vtp'.
[2025-03-31 12:23:12.379] [warning] Couldn't find file 'index_proximal_rvs.vtp'.
[2025-03-31 12:23:12.379] [warning] Couldn't find file 'index_medial_rvs.vtp'.
[2025-03-31 12:23:12.379] [warning] Couldn't find file 'index_distal_rvs.vtp'.
[2025-03-31 12:23:12.379] [warning] Couldn't find file 'metacarpal3_rvs.vtp'.
[2025-03-31 12:23:12.380] [warning] Couldn't find file 'middle_proximal_rvs.vtp'.
[2025-03-31 12:23:12.380] [warning] Couldn't find file 'middle_medial_rvs.vtp'.
[2025-03-31 12:23:12.380] [warning] Couldn't find file 'middle_distal_rvs.vtp'.
[2025-03-31 12:23:12.380] [warning] Couldn't find file 'metacarpal4_rvs.vtp'.
[2025-03-31 12:23:12.380] [warning] Couldn't find file 'ring_proximal_rvs.vtp'.
[2025-03-31 12:23:12.380] [warning] Couldn't find file 'ring_medial_rvs.vtp'.
[2025-03-31 12:23:12.380] [warning] Couldn't find file 'ring_distal_rvs.vtp'.
[2025-03-31 12:23:12.380] [warning] Couldn't find file 'metacarpal5_rvs.vtp'.
[2025-03-31 12:23:12.380] [warning] Couldn't find file 'little_proximal_rvs.vtp'.
[2025-03-31 12:23:12.380] [warning] Couldn't find file 'little_medial_rvs.vtp'.
[2025-03-31 12:23:12.381] [warning] Couldn't find file 'little_distal_rvs.vtp'.
[2025-03-31 12:23:12.381] [warning] Couldn't find file 'metacarpal1_rvs.vtp'.
[2025-03-31 12:23:12.381] [warning] Couldn't find file 'thumb_proximal_rvs.vtp'.
[2025-03-31 12:23:12.381] [warning] Couldn't find file 'thumb_distal_rvs.vtp'.
[2025-03-31 12:23:12.381] [warning] Couldn't find file 'humerus_lv.vtp'.
[2025-03-31 12:23:12.381] [warning] Couldn't find file 'ulna_lv.vtp'.
[2025-03-31 12:23:12.381] [warning] Couldn't find file 'radius_lv.vtp'.
[2025-03-31 12:23:12.381] [warning] Couldn't find file 'pisiform_lvs.vtp'.
[2025-03-31 12:23:12.381] [warning] Couldn't find file 'lunate_lvs.vtp'.
[2025-03-31 12:23:12.381] [warning] Couldn't find file 'scaphoid_lvs.vtp'.
[2025-03-31 12:23:12.382] [warning] Couldn't find file 'triquetrum_lvs.vtp'.
[2025-03-31 12:23:12.382] [warning] Couldn't find file 'hamate_lvs.vtp'.
[2025-03-31 12:23:12.382] [warning] Couldn't find file 'capitate_lvs.vtp'.
[2025-03-31 12:23:12.382] [warning] Couldn't find file 'trapezoid_lvs.vtp'.
[2025-03-31 12:23:12.382] [warning] Couldn't find file 'trapezium_lvs.vtp'.
[2025-03-31 12:23:12.382] [warning] Couldn't find file 'metacarpal2_lvs.vtp'.
[2025-03-31 12:23:12.382] [warning] Couldn't find file 'index_proximal_lvs.vtp'.
[2025-03-31 12:23:12.382] [warning] Couldn't find file 'index_medial_lvs.vtp'.
[2025-03-31 12:23:12.382] [warning] Couldn't find file 'index_distal_lvs.vtp'.
[2025-03-31 12:23:12.382] [warning] Couldn't find file 'metacarpal3_lvs.vtp'.
[2025-03-31 12:23:12.382] [warning] Couldn't find file 'middle_proximal_lvs.vtp'.
[2025-03-31 12:23:12.382] [warning] Couldn't find file 'middle_medial_lvs.vtp'.
[2025-03-31 12:23:12.383] [warning] Couldn't find file 'middle_distal_lvs.vtp'.
[2025-03-31 12:23:12.383] [warning] Couldn't find file 'metacarpal4_lvs.vtp'.
[2025-03-31 12:23:12.383] [warning] Couldn't find file 'ring_proximal_lvs.vtp'.
[2025-03-31 12:23:12.383] [warning] Couldn't find file 'ring_medial_lvs.vtp'.
[2025-03-31 12:23:12.383] [warning] Couldn't find file 'ring_distal_lvs.vtp'.
[2025-03-31 12:23:12.383] [warning] Couldn't find file 'metacarpal5_lvs.vtp'.
[2025-03-31 12:23:12.383] [warning] Couldn't find file 'little_proximal_lvs.vtp'.
[2025-03-31 12:23:12.383] [warning] Couldn't find file 'little_medial_lvs.vtp'.
[2025-03-31 12:23:12.383] [warning] Couldn't find file 'little_distal_lvs.vtp'.
[2025-03-31 12:23:12.383] [warning] Couldn't find file 'metacarpal1_lvs.vtp'.
[2025-03-31 12:23:12.384] [warning] Couldn't find file 'thumb_proximal_lvs.vtp'.
[2025-03-31 12:23:12.384] [warning] Couldn't find file 'thumb_distal_lvs.vtp'.
[2025-03-31 12:24:21.237] [info] Updating Model file from 40000 to latest format...
[2025-03-31 12:24:21.258] [info] Loaded model 3DGaitModelwithSimpleArms from file C:\Users\eriks\Documents\Code\opensimAD_linux\examples\Hamner_modified.osim
[2025-03-31 12:24:21.259] [warning] Couldn't find file 'sacrum.vtp'.
[2025-03-31 12:24:21.259] [warning] Couldn't find file 'pelvis.vtp'.
[2025-03-31 12:24:21.259] [warning] Couldn't find file 'l_pelvis.vtp'.
[2025-03-31 12:24:21.259] [warning] Couldn't find file 'femur_r.vtp'.
[2025-03-31 12:24:21.260] [warning] Couldn't find file 'tibia_r.vtp'.
[2025-03-31 12:24:21.260] [warning] Couldn't find file 'fibula_r.vtp'.
[2025-03-31 12:24:21.260] [warning] Couldn't find file 'talus_rv.vtp'.
[2025-03-31 12:24:21.260] [warning] Couldn't find file 'foot.vtp'.
[2025-03-31 12:24:21.260] [warning] Couldn't find file 'bofoot.vtp'.
[2025-03-31 12:24:21.260] [warning] Couldn't find file 'femur_l.vtp'.
[2025-03-31 12:24:21.260] [warning] Couldn't find file 'tibia_l.vtp'.
[2025-03-31 12:24:21.260] [warning] Couldn't find file 'fibula_l.vtp'.
[2025-03-31 12:24:21.260] [warning] Couldn't find file 'talus_lv.vtp'.
[2025-03-31 12:24:21.260] [warning] Couldn't find file 'l_foot.vtp'.
[2025-03-31 12:24:21.261] [warning] Couldn't find file 'l_bofoot.vtp'.
[2025-03-31 12:24:21.261] [warning] Couldn't find file 'hat_spine.vtp'.
[2025-03-31 12:24:21.261] [warning] Couldn't find file 'hat_jaw.vtp'.
[2025-03-31 12:24:21.261] [warning] Couldn't find file 'hat_skull.vtp'.
[2025-03-31 12:24:21.261] [warning] Couldn't find file 'hat_ribs_scap.vtp'.
[2025-03-31 12:24:21.261] [warning] Couldn't find file 'humerus_rv.vtp'.
[2025-03-31 12:24:21.261] [warning] Couldn't find file 'ulna_rv.vtp'.
[2025-03-31 12:24:21.261] [warning] Couldn't find file 'radius_rv.vtp'.
[2025-03-31 12:24:21.261] [warning] Couldn't find file 'pisiform_rvs.vtp'.
[2025-03-31 12:24:21.261] [warning] Couldn't find file 'lunate_rvs.vtp'.
[2025-03-31 12:24:21.262] [warning] Couldn't find file 'scaphoid_rvs.vtp'.
[2025-03-31 12:24:21.262] [warning] Couldn't find file 'triquetrum_rvs.vtp'.
[2025-03-31 12:24:21.262] [warning] Couldn't find file 'hamate_rvs.vtp'.
[2025-03-31 12:24:21.262] [warning] Couldn't find file 'capitate_rvs.vtp'.
[2025-03-31 12:24:21.262] [warning] Couldn't find file 'trapezoid_rvs.vtp'.
[2025-03-31 12:24:21.262] [warning] Couldn't find file 'trapezium_rvs.vtp'.
[2025-03-31 12:24:21.262] [warning] Couldn't find file 'metacarpal2_rvs.vtp'.
[2025-03-31 12:24:21.262] [warning] Couldn't find file 'index_proximal_rvs.vtp'.
[2025-03-31 12:24:21.262] [warning] Couldn't find file 'index_medial_rvs.vtp'.
[2025-03-31 12:24:21.262] [warning] Couldn't find file 'index_distal_rvs.vtp'.
[2025-03-31 12:24:21.262] [warning] Couldn't find file 'metacarpal3_rvs.vtp'.
[2025-03-31 12:24:21.263] [warning] Couldn't find file 'middle_proximal_rvs.vtp'.
[2025-03-31 12:24:21.263] [warning] Couldn't find file 'middle_medial_rvs.vtp'.
[2025-03-31 12:24:21.263] [warning] Couldn't find file 'middle_distal_rvs.vtp'.
[2025-03-31 12:24:21.263] [warning] Couldn't find file 'metacarpal4_rvs.vtp'.
[2025-03-31 12:24:21.263] [warning] Couldn't find file 'ring_proximal_rvs.vtp'.
[2025-03-31 12:24:21.263] [warning] Couldn't find file 'ring_medial_rvs.vtp'.
[2025-03-31 12:24:21.263] [warning] Couldn't find file 'ring_distal_rvs.vtp'.
[2025-03-31 12:24:21.263] [warning] Couldn't find file 'metacarpal5_rvs.vtp'.
[2025-03-31 12:24:21.263] [warning] Couldn't find file 'little_proximal_rvs.vtp'.
[2025-03-31 12:24:21.263] [warning] Couldn't find file 'little_medial_rvs.vtp'.
[2025-03-31 12:24:21.263] [warning] Couldn't find file 'little_distal_rvs.vtp'.
[2025-03-31 12:24:21.264] [warning] Couldn't find file 'metacarpal1_rvs.vtp'.
[2025-03-31 12:24:21.264] [warning] Couldn't find file 'thumb_proximal_rvs.vtp'.
[2025-03-31 12:24:21.264] [warning] Couldn't find file 'thumb_distal_rvs.vtp'.
[2025-03-31 12:24:21.264] [warning] Couldn't find file 'humerus_lv.vtp'.
[2025-03-31 12:24:21.264] [warning] Couldn't find file 'ulna_lv.vtp'.
[2025-03-31 12:24:21.264] [warning] Couldn't find file 'radius_lv.vtp'.
[2025-03-31 12:24:21.264] [warning] Couldn't find file 'pisiform_lvs.vtp'.
[2025-03-31 12:24:21.264] [warning] Couldn't find file 'lunate_lvs.vtp'.
[2025-03-31 12:24:21.264] [warning] Couldn't find file 'scaphoid_lvs.vtp'.
[2025-03-31 12:24:21.264] [warning] Couldn't find file 'triquetrum_lvs.vtp'.
[2025-03-31 12:24:21.264] [warning] Couldn't find file 'hamate_lvs.vtp'.
[2025-03-31 12:24:21.264] [warning] Couldn't find file 'capitate_lvs.vtp'.
[2025-03-31 12:24:21.265] [warning] Couldn't find file 'trapezoid_lvs.vtp'.
[2025-03-31 12:24:21.265] [warning] Couldn't find file 'trapezium_lvs.vtp'.
[2025-03-31 12:24:21.265] [warning] Couldn't find file 'metacarpal2_lvs.vtp'.
[2025-03-31 12:24:21.265] [warning] Couldn't find file 'index_proximal_lvs.vtp'.
[2025-03-31 12:24:21.265] [warning] Couldn't find file 'index_medial_lvs.vtp'.
[2025-03-31 12:24:21.265] [warning] Couldn't find file 'index_distal_lvs.vtp'.
[2025-03-31 12:24:21.265] [warning] Couldn't find file 'metacarpal3_lvs.vtp'.
[2025-03-31 12:24:21.265] [warning] Couldn't find file 'middle_proximal_lvs.vtp'.
[2025-03-31 12:24:21.265] [warning] Couldn't find file 'middle_medial_lvs.vtp'.
[2025-03-31 12:24:21.265] [warning] Couldn't find file 'middle_distal_lvs.vtp'.
[2025-03-31 12:24:21.265] [warning] Couldn't find file 'metacarpal4_lvs.vtp'.
[2025-03-31 12:24:21.266] [warning] Couldn't find file 'ring_proximal_lvs.vtp'.
[2025-03-31 12:24:21.266] [warning] Couldn't find file 'ring_medial_lvs.vtp'.
[2025-03-31 12:24:21.266] [warning] Couldn't find file 'ring_distal_lvs.vtp'.
[2025-03-31 12:24:21.266] [warning] Couldn't find file 'metacarpal5_lvs.vtp'.
[2025-03-31 12:24:21.266] [warning] Couldn't find file 'little_proximal_lvs.vtp'.
[2025-03-31 12:24:21.266] [warning] Couldn't find file 'little_medial_lvs.vtp'.
[2025-03-31 12:24:21.266] [warning] Couldn't find file 'little_distal_lvs.vtp'.
[2025-03-31 12:24:21.266] [warning] Couldn't find file 'metacarpal1_lvs.vtp'.
[2025-03-31 12:24:21.266] [warning] Couldn't find file 'thumb_proximal_lvs.vtp'.
[2025-03-31 12:24:21.266] [warning] Couldn't find file 'thumb_distal_lvs.vtp'.
[2025-03-31 12:28:31.395] [info] Updating Model file from 40000 to latest format...
[2025-03-31 12:28:31.420] [info] Loaded model 3DGaitModelwithSimpleArms from file C:\Users\eriks\Documents\Code\opensimAD_linux\examples\Hamner_modified.osim
[2025-03-31 12:28:31.421] [warning] Couldn't find file 'sacrum.vtp'.
[2025-03-31 12:28:31.421] [warning] Couldn't find file 'pelvis.vtp'.
[2025-03-31 12:28:31.421] [warning] Couldn't find file 'l_pelvis.vtp'.
[2025-03-31 12:28:31.421] [warning] Couldn't find file 'femur_r.vtp'.
[2025-03-31 12:28:31.421] [warning] Couldn't find file 'tibia_r.vtp'.
[2025-03-31 12:28:31.422] [warning] Couldn't find file 'fibula_r.vtp'.
[2025-03-31 12:28:31.422] [warning] Couldn't find file 'talus_rv.vtp'.
[2025-03-31 12:28:31.422] [warning] Couldn't find file 'foot.vtp'.
[2025-03-31 12:28:31.422] [warning] Couldn't find file 'bofoot.vtp'.
[2025-03-31 12:28:31.422] [warning] Couldn't find file 'femur_l.vtp'.
[2025-03-31 12:28:31.422] [warning] Couldn't find file 'tibia_l.vtp'.
[2025-03-31 12:28:31.422] [warning] Couldn't find file 'fibula_l.vtp'.
[2025-03-31 12:28:31.422] [warning] Couldn't find file 'talus_lv.vtp'.
[2025-03-31 12:28:31.422] [warning] Couldn't find file 'l_foot.vtp'.
[2025-03-31 12:28:31.422] [warning] Couldn't find file 'l_bofoot.vtp'.
[2025-03-31 12:28:31.423] [warning] Couldn't find file 'hat_spine.vtp'.
[2025-03-31 12:28:31.423] [warning] Couldn't find file 'hat_jaw.vtp'.
[2025-03-31 12:28:31.423] [warning] Couldn't find file 'hat_skull.vtp'.
[2025-03-31 12:28:31.423] [warning] Couldn't find file 'hat_ribs_scap.vtp'.
[2025-03-31 12:28:31.423] [warning] Couldn't find file 'humerus_rv.vtp'.
[2025-03-31 12:28:31.423] [warning] Couldn't find file 'ulna_rv.vtp'.
[2025-03-31 12:28:31.423] [warning] Couldn't find file 'radius_rv.vtp'.
[2025-03-31 12:28:31.423] [warning] Couldn't find file 'pisiform_rvs.vtp'.
[2025-03-31 12:28:31.423] [warning] Couldn't find file 'lunate_rvs.vtp'.
[2025-03-31 12:28:31.423] [warning] Couldn't find file 'scaphoid_rvs.vtp'.
[2025-03-31 12:28:31.424] [warning] Couldn't find file 'triquetrum_rvs.vtp'.
[2025-03-31 12:28:31.424] [warning] Couldn't find file 'hamate_rvs.vtp'.
[2025-03-31 12:28:31.424] [warning] Couldn't find file 'capitate_rvs.vtp'.
[2025-03-31 12:28:31.424] [warning] Couldn't find file 'trapezoid_rvs.vtp'.
[2025-03-31 12:28:31.424] [warning] Couldn't find file 'trapezium_rvs.vtp'.
[2025-03-31 12:28:31.424] [warning] Couldn't find file 'metacarpal2_rvs.vtp'.
[2025-03-31 12:28:31.424] [warning] Couldn't find file 'index_proximal_rvs.vtp'.
[2025-03-31 12:28:31.424] [warning] Couldn't find file 'index_medial_rvs.vtp'.
[2025-03-31 12:28:31.424] [warning] Couldn't find file 'index_distal_rvs.vtp'.
[2025-03-31 12:28:31.424] [warning] Couldn't find file 'metacarpal3_rvs.vtp'.
[2025-03-31 12:28:31.425] [warning] Couldn't find file 'middle_proximal_rvs.vtp'.
[2025-03-31 12:28:31.425] [warning] Couldn't find file 'middle_medial_rvs.vtp'.
[2025-03-31 12:28:31.425] [warning] Couldn't find file 'middle_distal_rvs.vtp'.
[2025-03-31 12:28:31.425] [warning] Couldn't find file 'metacarpal4_rvs.vtp'.
[2025-03-31 12:28:31.425] [warning] Couldn't find file 'ring_proximal_rvs.vtp'.
[2025-03-31 12:28:31.425] [warning] Couldn't find file 'ring_medial_rvs.vtp'.
[2025-03-31 12:28:31.425] [warning] Couldn't find file 'ring_distal_rvs.vtp'.
[2025-03-31 12:28:31.425] [warning] Couldn't find file 'metacarpal5_rvs.vtp'.
[2025-03-31 12:28:31.425] [warning] Couldn't find file 'little_proximal_rvs.vtp'.
[2025-03-31 12:28:31.425] [warning] Couldn't find file 'little_medial_rvs.vtp'.
[2025-03-31 12:28:31.426] [warning] Couldn't find file 'little_distal_rvs.vtp'.
[2025-03-31 12:28:31.426] [warning] Couldn't find file 'metacarpal1_rvs.vtp'.
[2025-03-31 12:28:31.426] [warning] Couldn't find file 'thumb_proximal_rvs.vtp'.
[2025-03-31 12:28:31.426] [warning] Couldn't find file 'thumb_distal_rvs.vtp'.
[2025-03-31 12:28:31.426] [warning] Couldn't find file 'humerus_lv.vtp'.
[2025-03-31 12:28:31.426] [warning] Couldn't find file 'ulna_lv.vtp'.
[2025-03-31 12:28:31.426] [warning] Couldn't find file 'radius_lv.vtp'.
[2025-03-31 12:28:31.426] [warning] Couldn't find file 'pisiform_lvs.vtp'.
[2025-03-31 12:28:31.427] [warning] Couldn't find file 'lunate_lvs.vtp'.
[2025-03-31 12:28:31.427] [warning] Couldn't find file 'scaphoid_lvs.vtp'.
[2025-03-31 12:28:31.427] [warning] Couldn't find file 'triquetrum_lvs.vtp'.
[2025-03-31 12:28:31.427] [warning] Couldn't find file 'hamate_lvs.vtp'.
[2025-03-31 12:28:31.427] [warning] Couldn't find file 'capitate_lvs.vtp'.
[2025-03-31 12:28:31.427] [warning] Couldn't find file 'trapezoid_lvs.vtp'.
[2025-03-31 12:28:31.427] [warning] Couldn't find file 'trapezium_lvs.vtp'.
[2025-03-31 12:28:31.427] [warning] Couldn't find file 'metacarpal2_lvs.vtp'.
[2025-03-31 12:28:31.428] [warning] Couldn't find file 'index_proximal_lvs.vtp'.
[2025-03-31 12:28:31.428] [warning] Couldn't find file 'index_medial_lvs.vtp'.
[2025-03-31 12:28:31.428] [warning] Couldn't find file 'index_distal_lvs.vtp'.
[2025-03-31 12:28:31.428] [warning] Couldn't find file 'metacarpal3_lvs.vtp'.
[2025-03-31 12:28:31.428] [warning] Couldn't find file 'middle_proximal_lvs.vtp'.
[2025-03-31 12:28:31.428] [warning] Couldn't find file 'middle_medial_lvs.vtp'.
[2025-03-31 12:28:31.428] [warning] Couldn't find file 'middle_distal_lvs.vtp'.
[2025-03-31 12:28:31.428] [warning] Couldn't find file 'metacarpal4_lvs.vtp'.
[2025-03-31 12:28:31.428] [warning] Couldn't find file 'ring_proximal_lvs.vtp'.
[2025-03-31 12:28:31.429] [warning] Couldn't find file 'ring_medial_lvs.vtp'.
[2025-03-31 12:28:31.429] [warning] Couldn't find file 'ring_distal_lvs.vtp'.
[2025-03-31 12:28:31.429] [warning] Couldn't find file 'metacarpal5_lvs.vtp'.
[2025-03-31 12:28:31.429] [warning] Couldn't find file 'little_proximal_lvs.vtp'.
[2025-03-31 12:28:31.429] [warning] Couldn't find file 'little_medial_lvs.vtp'.
[2025-03-31 12:28:31.429] [warning] Couldn't find file 'little_distal_lvs.vtp'.
[2025-03-31 12:28:31.429] [warning] Couldn't find file 'metacarpal1_lvs.vtp'.
[2025-03-31 12:28:31.430] [warning] Couldn't find file 'thumb_proximal_lvs.vtp'.
[2025-03-31 12:28:31.430] [warning] Couldn't find file 'thumb_distal_lvs.vtp'.
[2025-03-31 12:29:05.329] [info] Updating Model file from 40000 to latest format...
[2025-03-31 12:29:05.351] [info] Loaded model 3DGaitModelwithSimpleArms from file C:\Users\eriks\Documents\Code\opensimAD_linux\examples\Hamner_modified.osim
[2025-03-31 12:29:05.351] [warning] Couldn't find file 'sacrum.vtp'.
[2025-03-31 12:29:05.351] [warning] Couldn't find file 'pelvis.vtp'.
[2025-03-31 12:29:05.352] [warning] Couldn't find file 'l_pelvis.vtp'.
[2025-03-31 12:29:05.352] [warning] Couldn't find file 'femur_r.vtp'.
[2025-03-31 12:29:05.352] [warning] Couldn't find file 'tibia_r.vtp'.
[2025-03-31 12:29:05.352] [warning] Couldn't find file 'fibula_r.vtp'.
[2025-03-31 12:29:05.352] [warning] Couldn't find file 'talus_rv.vtp'.
[2025-03-31 12:29:05.352] [warning] Couldn't find file 'foot.vtp'.
[2025-03-31 12:29:05.352] [warning] Couldn't find file 'bofoot.vtp'.
[2025-03-31 12:29:05.352] [warning] Couldn't find file 'femur_l.vtp'.
[2025-03-31 12:29:05.352] [warning] Couldn't find file 'tibia_l.vtp'.
[2025-03-31 12:29:05.352] [warning] Couldn't find file 'fibula_l.vtp'.
[2025-03-31 12:29:05.353] [warning] Couldn't find file 'talus_lv.vtp'.
[2025-03-31 12:29:05.353] [warning] Couldn't find file 'l_foot.vtp'.
[2025-03-31 12:29:05.353] [warning] Couldn't find file 'l_bofoot.vtp'.
[2025-03-31 12:29:05.353] [warning] Couldn't find file 'hat_spine.vtp'.
[2025-03-31 12:29:05.353] [warning] Couldn't find file 'hat_jaw.vtp'.
[2025-03-31 12:29:05.353] [warning] Couldn't find file 'hat_skull.vtp'.
[2025-03-31 12:29:05.353] [warning] Couldn't find file 'hat_ribs_scap.vtp'.
[2025-03-31 12:29:05.353] [warning] Couldn't find file 'humerus_rv.vtp'.
[2025-03-31 12:29:05.353] [warning] Couldn't find file 'ulna_rv.vtp'.
[2025-03-31 12:29:05.353] [warning] Couldn't find file 'radius_rv.vtp'.
[2025-03-31 12:29:05.354] [warning] Couldn't find file 'pisiform_rvs.vtp'.
[2025-03-31 12:29:05.354] [warning] Couldn't find file 'lunate_rvs.vtp'.
[2025-03-31 12:29:05.354] [warning] Couldn't find file 'scaphoid_rvs.vtp'.
[2025-03-31 12:29:05.354] [warning] Couldn't find file 'triquetrum_rvs.vtp'.
[2025-03-31 12:29:05.354] [warning] Couldn't find file 'hamate_rvs.vtp'.
[2025-03-31 12:29:05.354] [warning] Couldn't find file 'capitate_rvs.vtp'.
[2025-03-31 12:29:05.354] [warning] Couldn't find file 'trapezoid_rvs.vtp'.
[2025-03-31 12:29:05.354] [warning] Couldn't find file 'trapezium_rvs.vtp'.
[2025-03-31 12:29:05.354] [warning] Couldn't find file 'metacarpal2_rvs.vtp'.
[2025-03-31 12:29:05.354] [warning] Couldn't find file 'index_proximal_rvs.vtp'.
[2025-03-31 12:29:05.354] [warning] Couldn't find file 'index_medial_rvs.vtp'.
[2025-03-31 12:29:05.354] [warning] Couldn't find file 'index_distal_rvs.vtp'.
[2025-03-31 12:29:05.355] [warning] Couldn't find file 'metacarpal3_rvs.vtp'.
[2025-03-31 12:29:05.355] [warning] Couldn't find file 'middle_proximal_rvs.vtp'.
[2025-03-31 12:29:05.355] [warning] Couldn't find file 'middle_medial_rvs.vtp'.
[2025-03-31 12:29:05.355] [warning] Couldn't find file 'middle_distal_rvs.vtp'.
[2025-03-31 12:29:05.355] [warning] Couldn't find file 'metacarpal4_rvs.vtp'.
[2025-03-31 12:29:05.355] [warning] Couldn't find file 'ring_proximal_rvs.vtp'.
[2025-03-31 12:29:05.355] [warning] Couldn't find file 'ring_medial_rvs.vtp'.
[2025-03-31 12:29:05.355] [warning] Couldn't find file 'ring_distal_rvs.vtp'.
[2025-03-31 12:29:05.355] [warning] Couldn't find file 'metacarpal5_rvs.vtp'.
[2025-03-31 12:29:05.355] [warning] Couldn't find file 'little_proximal_rvs.vtp'.
[2025-03-31 12:29:05.355] [warning] Couldn't find file 'little_medial_rvs.vtp'.
[2025-03-31 12:29:05.355] [warning] Couldn't find file 'little_distal_rvs.vtp'.
[2025-03-31 12:29:05.356] [warning] Couldn't find file 'metacarpal1_rvs.vtp'.
[2025-03-31 12:29:05.356] [warning] Couldn't find file 'thumb_proximal_rvs.vtp'.
[2025-03-31 12:29:05.356] [warning] Couldn't find file 'thumb_distal_rvs.vtp'.
[2025-03-31 12:29:05.356] [warning] Couldn't find file 'humerus_lv.vtp'.
[2025-03-31 12:29:05.356] [warning] Couldn't find file 'ulna_lv.vtp'.
[2025-03-31 12:29:05.356] [warning] Couldn't find file 'radius_lv.vtp'.
[2025-03-31 12:29:05.356] [warning] Couldn't find file 'pisiform_lvs.vtp'.
[2025-03-31 12:29:05.356] [warning] Couldn't find file 'lunate_lvs.vtp'.
[2025-03-31 12:29:05.356] [warning] Couldn't find file 'scaphoid_lvs.vtp'.
[2025-03-31 12:29:05.356] [warning] Couldn't find file 'triquetrum_lvs.vtp'.
[2025-03-31 12:29:05.356] [warning] Couldn't find file 'hamate_lvs.vtp'.
[2025-03-31 12:29:05.357] [warning] Couldn't find file 'capitate_lvs.vtp'.
[2025-03-31 12:29:05.357] [warning] Couldn't find file 'trapezoid_lvs.vtp'.
[2025-03-31 12:29:05.357] [warning] Couldn't find file 'trapezium_lvs.vtp'.
[2025-03-31 12:29:05.357] [warning] Couldn't find file 'metacarpal2_lvs.vtp'.
[2025-03-31 12:29:05.357] [warning] Couldn't find file 'index_proximal_lvs.vtp'.
[2025-03-31 12:29:05.357] [warning] Couldn't find file 'index_medial_lvs.vtp'.
[2025-03-31 12:29:05.357] [warning] Couldn't find file 'index_distal_lvs.vtp'.
[2025-03-31 12:29:05.357] [warning] Couldn't find file 'metacarpal3_lvs.vtp'.
[2025-03-31 12:29:05.357] [warning] Couldn't find file 'middle_proximal_lvs.vtp'.
[2025-03-31 12:29:05.357] [warning] Couldn't find file 'middle_medial_lvs.vtp'.
[2025-03-31 12:29:05.357] [warning] Couldn't find file 'middle_distal_lvs.vtp'.
[2025-03-31 12:29:05.358] [warning] Couldn't find file 'metacarpal4_lvs.vtp'.
[2025-03-31 12:29:05.358] [warning] Couldn't find file 'ring_proximal_lvs.vtp'.
[2025-03-31 12:29:05.358] [warning] Couldn't find file 'ring_medial_lvs.vtp'.
[2025-03-31 12:29:05.358] [warning] Couldn't find file 'ring_distal_lvs.vtp'.
[2025-03-31 12:29:05.358] [warning] Couldn't find file 'metacarpal5_lvs.vtp'.
[2025-03-31 12:29:05.358] [warning] Couldn't find file 'little_proximal_lvs.vtp'.
[2025-03-31 12:29:05.358] [warning] Couldn't find file 'little_medial_lvs.vtp'.
[2025-03-31 12:29:05.358] [warning] Couldn't find file 'little_distal_lvs.vtp'.
[2025-03-31 12:29:05.358] [warning] Couldn't find file 'metacarpal1_lvs.vtp'.
[2025-03-31 12:29:05.358] [warning] Couldn't find file 'thumb_proximal_lvs.vtp'.
[2025-03-31 12:29:05.358] [warning] Couldn't find file 'thumb_distal_lvs.vtp'.
[2025-03-31 12:51:43.020] [info] Updating Model file from 40000 to latest format...
[2025-03-31 12:51:43.045] [info] Loaded model 3DGaitModelwithSimpleArms from file C:\Users\eriks\Documents\Code\opensimAD_linux\examples\Hamner_modified.osim
[2025-03-31 12:51:43.046] [warning] Couldn't find file 'sacrum.vtp'.
[2025-03-31 12:51:43.046] [warning] Couldn't find file 'pelvis.vtp'.
[2025-03-31 12:51:43.046] [warning] Couldn't find file 'l_pelvis.vtp'.
[2025-03-31 12:51:43.046] [warning] Couldn't find file 'femur_r.vtp'.
[2025-03-31 12:51:43.046] [warning] Couldn't find file 'tibia_r.vtp'.
[2025-03-31 12:51:43.046] [warning] Couldn't find file 'fibula_r.vtp'.
[2025-03-31 12:51:43.046] [warning] Couldn't find file 'talus_rv.vtp'.
[2025-03-31 12:51:43.047] [warning] Couldn't find file 'foot.vtp'.
[2025-03-31 12:51:43.047] [warning] Couldn't find file 'bofoot.vtp'.
[2025-03-31 12:51:43.047] [warning] Couldn't find file 'femur_l.vtp'.
[2025-03-31 12:51:43.047] [warning] Couldn't find file 'tibia_l.vtp'.
[2025-03-31 12:51:43.047] [warning] Couldn't find file 'fibula_l.vtp'.
[2025-03-31 12:51:43.048] [warning] Couldn't find file 'talus_lv.vtp'.
[2025-03-31 12:51:43.048] [warning] Couldn't find file 'l_foot.vtp'.
[2025-03-31 12:51:43.048] [warning] Couldn't find file 'l_bofoot.vtp'.
[2025-03-31 12:51:43.048] [warning] Couldn't find file 'hat_spine.vtp'.
[2025-03-31 12:51:43.048] [warning] Couldn't find file 'hat_jaw.vtp'.
[2025-03-31 12:51:43.048] [warning] Couldn't find file 'hat_skull.vtp'.
[2025-03-31 12:51:43.049] [warning] Couldn't find file 'hat_ribs_scap.vtp'.
[2025-03-31 12:51:43.049] [warning] Couldn't find file 'humerus_rv.vtp'.
[2025-03-31 12:51:43.049] [warning] Couldn't find file 'ulna_rv.vtp'.
[2025-03-31 12:51:43.049] [warning] Couldn't find file 'radius_rv.vtp'.
[2025-03-31 12:51:43.049] [warning] Couldn't find file 'pisiform_rvs.vtp'.
[2025-03-31 12:51:43.050] [warning] Couldn't find file 'lunate_rvs.vtp'.
[2025-03-31 12:51:43.050] [warning] Couldn't find file 'scaphoid_rvs.vtp'.
[2025-03-31 12:51:43.050] [warning] Couldn't find file 'triquetrum_rvs.vtp'.
[2025-03-31 12:51:43.050] [warning] Couldn't find file 'hamate_rvs.vtp'.
[2025-03-31 12:51:43.050] [warning] Couldn't find file 'capitate_rvs.vtp'.
[2025-03-31 12:51:43.050] [warning] Couldn't find file 'trapezoid_rvs.vtp'.
[2025-03-31 12:51:43.051] [warning] Couldn't find file 'trapezium_rvs.vtp'.
[2025-03-31 12:51:43.051] [warning] Couldn't find file 'metacarpal2_rvs.vtp'.
[2025-03-31 12:51:43.051] [warning] Couldn't find file 'index_proximal_rvs.vtp'.
[2025-03-31 12:51:43.051] [warning] Couldn't find file 'index_medial_rvs.vtp'.
[2025-03-31 12:51:43.051] [warning] Couldn't find file 'index_distal_rvs.vtp'.
[2025-03-31 12:51:43.052] [warning] Couldn't find file 'metacarpal3_rvs.vtp'.
[2025-03-31 12:51:43.052] [warning] Couldn't find file 'middle_proximal_rvs.vtp'.
[2025-03-31 12:51:43.052] [warning] Couldn't find file 'middle_medial_rvs.vtp'.
[2025-03-31 12:51:43.052] [warning] Couldn't find file 'middle_distal_rvs.vtp'.
[2025-03-31 12:51:43.052] [warning] Couldn't find file 'metacarpal4_rvs.vtp'.
[2025-03-31 12:51:43.053] [warning] Couldn't find file 'ring_proximal_rvs.vtp'.
[2025-03-31 12:51:43.053] [warning] Couldn't find file 'ring_medial_rvs.vtp'.
[2025-03-31 12:51:43.053] [warning] Couldn't find file 'ring_distal_rvs.vtp'.
[2025-03-31 12:51:43.053] [warning] Couldn't find file 'metacarpal5_rvs.vtp'.
[2025-03-31 12:51:43.053] [warning] Couldn't find file 'little_proximal_rvs.vtp'.
[2025-03-31 12:51:43.053] [warning] Couldn't find file 'little_medial_rvs.vtp'.
[2025-03-31 12:51:43.053] [warning] Couldn't find file 'little_distal_rvs.vtp'.
[2025-03-31 12:51:43.054] [warning] Couldn't find file 'metacarpal1_rvs.vtp'.
[2025-03-31 12:51:43.054] [warning] Couldn't find file 'thumb_proximal_rvs.vtp'.
[2025-03-31 12:51:43.054] [warning] Couldn't find file 'thumb_distal_rvs.vtp'.
[2025-03-31 12:51:43.054] [warning] Couldn't find file 'humerus_lv.vtp'.
[2025-03-31 12:51:43.054] [warning] Couldn't find file 'ulna_lv.vtp'.
[2025-03-31 12:51:43.054] [warning] Couldn't find file 'radius_lv.vtp'.
[2025-03-31 12:51:43.054] [warning] Couldn't find file 'pisiform_lvs.vtp'.
[2025-03-31 12:51:43.055] [warning] Couldn't find file 'lunate_lvs.vtp'.
[2025-03-31 12:51:43.055] [warning] Couldn't find file 'scaphoid_lvs.vtp'.
[2025-03-31 12:51:43.055] [warning] Couldn't find file 'triquetrum_lvs.vtp'.
[2025-03-31 12:51:43.055] [warning] Couldn't find file 'hamate_lvs.vtp'.
[2025-03-31 12:51:43.055] [warning] Couldn't find file 'capitate_lvs.vtp'.
[2025-03-31 12:51:43.055] [warning] Couldn't find file 'trapezoid_lvs.vtp'.
[2025-03-31 12:51:43.055] [warning] Couldn't find file 'trapezium_lvs.vtp'.
[2025-03-31 12:51:43.055] [warning] Couldn't find file 'metacarpal2_lvs.vtp'.
[2025-03-31 12:51:43.055] [warning] Couldn't find file 'index_proximal_lvs.vtp'.
[2025-03-31 12:51:43.056] [warning] Couldn't find file 'index_medial_lvs.vtp'.
[2025-03-31 12:51:43.056] [warning] Couldn't find file 'index_distal_lvs.vtp'.
[2025-03-31 12:51:43.056] [warning] Couldn't find file 'metacarpal3_lvs.vtp'.
[2025-03-31 12:51:43.056] [warning] Couldn't find file 'middle_proximal_lvs.vtp'.
[2025-03-31 12:51:43.056] [warning] Couldn't find file 'middle_medial_lvs.vtp'.
[2025-03-31 12:51:43.056] [warning] Couldn't find file 'middle_distal_lvs.vtp'.
[2025-03-31 12:51:43.056] [warning] Couldn't find file 'metacarpal4_lvs.vtp'.
[2025-03-31 12:51:43.056] [warning] Couldn't find file 'ring_proximal_lvs.vtp'.
[2025-03-31 12:51:43.056] [warning] Couldn't find file 'ring_medial_lvs.vtp'.
[2025-03-31 12:51:43.057] [warning] Couldn't find file 'ring_distal_lvs.vtp'.
[2025-03-31 12:51:43.057] [warning] Couldn't find file 'metacarpal5_lvs.vtp'.
[2025-03-31 12:51:43.057] [warning] Couldn't find file 'little_proximal_lvs.vtp'.
[2025-03-31 12:51:43.057] [warning] Couldn't find file 'little_medial_lvs.vtp'.
[2025-03-31 12:51:43.057] [warning] Couldn't find file 'little_distal_lvs.vtp'.
[2025-03-31 12:51:43.057] [warning] Couldn't find file 'metacarpal1_lvs.vtp'.
[2025-03-31 12:51:43.057] [warning] Couldn't find file 'thumb_proximal_lvs.vtp'.
[2025-03-31 12:51:43.057] [warning] Couldn't find file 'thumb_distal_lvs.vtp'.
[2025-03-31 13:01:04.240] [info] Updating Model file from 40000 to latest format...
[2025-03-31 13:01:04.265] [info] Loaded model 3DGaitModelwithSimpleArms from file C:\Users\eriks\Documents\Code\opensimAD_linux\examples\Hamner_modified.osim
[2025-03-31 13:01:04.266] [warning] Couldn't find file 'sacrum.vtp'.
[2025-03-31 13:01:04.267] [warning] Couldn't find file 'pelvis.vtp'.
[2025-03-31 13:01:04.267] [warning] Couldn't find file 'l_pelvis.vtp'.
[2025-03-31 13:01:04.267] [warning] Couldn't find file 'femur_r.vtp'.
[2025-03-31 13:01:04.267] [warning] Couldn't find file 'tibia_r.vtp'.
[2025-03-31 13:01:04.267] [warning] Couldn't find file 'fibula_r.vtp'.
[2025-03-31 13:01:04.267] [warning] Couldn't find file 'talus_rv.vtp'.
[2025-03-31 13:01:04.267] [warning] Couldn't find file 'foot.vtp'.
[2025-03-31 13:01:04.267] [warning] Couldn't find file 'bofoot.vtp'.
[2025-03-31 13:01:04.268] [warning] Couldn't find file 'femur_l.vtp'.
[2025-03-31 13:01:04.268] [warning] Couldn't find file 'tibia_l.vtp'.
[2025-03-31 13:01:04.268] [warning] Couldn't find file 'fibula_l.vtp'.
[2025-03-31 13:01:04.268] [warning] Couldn't find file 'talus_lv.vtp'.
[2025-03-31 13:01:04.268] [warning] Couldn't find file 'l_foot.vtp'.
[2025-03-31 13:01:04.269] [warning] Couldn't find file 'l_bofoot.vtp'.
[2025-03-31 13:01:04.269] [warning] Couldn't find file 'hat_spine.vtp'.
[2025-03-31 13:01:04.269] [warning] Couldn't find file 'hat_jaw.vtp'.
[2025-03-31 13:01:04.269] [warning] Couldn't find file 'hat_skull.vtp'.
[2025-03-31 13:01:04.269] [warning] Couldn't find file 'hat_ribs_scap.vtp'.
[2025-03-31 13:01:04.270] [warning] Couldn't find file 'humerus_rv.vtp'.
[2025-03-31 13:01:04.270] [warning] Couldn't find file 'ulna_rv.vtp'.
[2025-03-31 13:01:04.270] [warning] Couldn't find file 'radius_rv.vtp'.
[2025-03-31 13:01:04.270] [warning] Couldn't find file 'pisiform_rvs.vtp'.
[2025-03-31 13:01:04.270] [warning] Couldn't find file 'lunate_rvs.vtp'.
[2025-03-31 13:01:04.270] [warning] Couldn't find file 'scaphoid_rvs.vtp'.
[2025-03-31 13:01:04.271] [warning] Couldn't find file 'triquetrum_rvs.vtp'.
[2025-03-31 13:01:04.271] [warning] Couldn't find file 'hamate_rvs.vtp'.
[2025-03-31 13:01:04.271] [warning] Couldn't find file 'capitate_rvs.vtp'.
[2025-03-31 13:01:04.271] [warning] Couldn't find file 'trapezoid_rvs.vtp'.
[2025-03-31 13:01:04.271] [warning] Couldn't find file 'trapezium_rvs.vtp'.
[2025-03-31 13:01:04.272] [warning] Couldn't find file 'metacarpal2_rvs.vtp'.
[2025-03-31 13:01:04.272] [warning] Couldn't find file 'index_proximal_rvs.vtp'.
[2025-03-31 13:01:04.272] [warning] Couldn't find file 'index_medial_rvs.vtp'.
[2025-03-31 13:01:04.272] [warning] Couldn't find file 'index_distal_rvs.vtp'.
[2025-03-31 13:01:04.272] [warning] Couldn't find file 'metacarpal3_rvs.vtp'.
[2025-03-31 13:01:04.273] [warning] Couldn't find file 'middle_proximal_rvs.vtp'.
[2025-03-31 13:01:04.273] [warning] Couldn't find file 'middle_medial_rvs.vtp'.
[2025-03-31 13:01:04.273] [warning] Couldn't find file 'middle_distal_rvs.vtp'.
[2025-03-31 13:01:04.273] [warning] Couldn't find file 'metacarpal4_rvs.vtp'.
[2025-03-31 13:01:04.273] [warning] Couldn't find file 'ring_proximal_rvs.vtp'.
[2025-03-31 13:01:04.274] [warning] Couldn't find file 'ring_medial_rvs.vtp'.
[2025-03-31 13:01:04.274] [warning] Couldn't find file 'ring_distal_rvs.vtp'.
[2025-03-31 13:01:04.274] [warning] Couldn't find file 'metacarpal5_rvs.vtp'.
[2025-03-31 13:01:04.274] [warning] Couldn't find file 'little_proximal_rvs.vtp'.
[2025-03-31 13:01:04.274] [warning] Couldn't find file 'little_medial_rvs.vtp'.
[2025-03-31 13:01:04.275] [warning] Couldn't find file 'little_distal_rvs.vtp'.
[2025-03-31 13:01:04.275] [warning] Couldn't find file 'metacarpal1_rvs.vtp'.
[2025-03-31 13:01:04.275] [warning] Couldn't find file 'thumb_proximal_rvs.vtp'.
[2025-03-31 13:01:04.275] [warning] Couldn't find file 'thumb_distal_rvs.vtp'.
[2025-03-31 13:01:04.275] [warning] Couldn't find file 'humerus_lv.vtp'.
[2025-03-31 13:01:04.276] [warning] Couldn't find file 'ulna_lv.vtp'.
[2025-03-31 13:01:04.276] [warning] Couldn't find file 'radius_lv.vtp'.
[2025-03-31 13:01:04.276] [warning] Couldn't find file 'pisiform_lvs.vtp'.
[2025-03-31 13:01:04.276] [warning] Couldn't find file 'lunate_lvs.vtp'.
[2025-03-31 13:01:04.276] [warning] Couldn't find file 'scaphoid_lvs.vtp'.
[2025-03-31 13:01:04.277] [warning] Couldn't find file 'triquetrum_lvs.vtp'.
[2025-03-31 13:01:04.277] [warning] Couldn't find file 'hamate_lvs.vtp'.
[2025-03-31 13:01:04.277] [warning] Couldn't find file 'capitate_lvs.vtp'.
[2025-03-31 13:01:04.277] [warning] Couldn't find file 'trapezoid_lvs.vtp'.
[2025-03-31 13:01:04.277] [warning] Couldn't find file 'trapezium_lvs.vtp'.
[2025-03-31 13:01:04.278] [warning] Couldn't find file 'metacarpal2_lvs.vtp'.
[2025-03-31 13:01:04.278] [warning] Couldn't find file 'index_proximal_lvs.vtp'.
[2025-03-31 13:01:04.278] [warning] Couldn't find file 'index_medial_lvs.vtp'.
[2025-03-31 13:01:04.278] [warning] Couldn't find file 'index_distal_lvs.vtp'.
[2025-03-31 13:01:04.278] [warning] Couldn't find file 'metacarpal3_lvs.vtp'.
[2025-03-31 13:01:04.279] [warning] Couldn't find file 'middle_proximal_lvs.vtp'.
[2025-03-31 13:01:04.279] [warning] Couldn't find file 'middle_medial_lvs.vtp'.
[2025-03-31 13:01:04.279] [warning] Couldn't find file 'middle_distal_lvs.vtp'.
[2025-03-31 13:01:04.279] [warning] Couldn't find file 'metacarpal4_lvs.vtp'.
[2025-03-31 13:01:04.279] [warning] Couldn't find file 'ring_proximal_lvs.vtp'.
[2025-03-31 13:01:04.279] [warning] Couldn't find file 'ring_medial_lvs.vtp'.
[2025-03-31 13:01:04.280] [warning] Couldn't find file 'ring_distal_lvs.vtp'.
[2025-03-31 13:01:04.280] [warning] Couldn't find file 'metacarpal5_lvs.vtp'.
[2025-03-31 13:01:04.280] [warning] Couldn't find file 'little_proximal_lvs.vtp'.
[2025-03-31 13:01:04.280] [warning] Couldn't find file 'little_medial_lvs.vtp'.
[2025-03-31 13:01:04.280] [warning] Couldn't find file 'little_distal_lvs.vtp'.
[2025-03-31 13:01:04.281] [warning] Couldn't find file 'metacarpal1_lvs.vtp'.
[2025-03-31 13:01:04.281] [warning] Couldn't find file 'thumb_proximal_lvs.vtp'.
[2025-03-31 13:01:04.281] [warning] Couldn't find file 'thumb_distal_lvs.vtp'.
[2025-03-31 13:06:55.572] [info] Updating Model file from 40000 to latest format...
[2025-03-31 13:06:55.594] [info] Loaded model 3DGaitModelwithSimpleArms from file C:\Users\eriks\Documents\Code\opensimAD_linux\examples\Hamner_modified.osim
[2025-03-31 13:06:55.595] [warning] Couldn't find file 'sacrum.vtp'.
[2025-03-31 13:06:55.595] [warning] Couldn't find file 'pelvis.vtp'.
[2025-03-31 13:06:55.595] [warning] Couldn't find file 'l_pelvis.vtp'.
[2025-03-31 13:06:55.595] [warning] Couldn't find file 'femur_r.vtp'.
[2025-03-31 13:06:55.596] [warning] Couldn't find file 'tibia_r.vtp'.
[2025-03-31 13:06:55.596] [warning] Couldn't find file 'fibula_r.vtp'.
[2025-03-31 13:06:55.596] [warning] Couldn't find file 'talus_rv.vtp'.
[2025-03-31 13:06:55.596] [warning] Couldn't find file 'foot.vtp'.
[2025-03-31 13:06:55.596] [warning] Couldn't find file 'bofoot.vtp'.
[2025-03-31 13:06:55.596] [warning] Couldn't find file 'femur_l.vtp'.
[2025-03-31 13:06:55.596] [warning] Couldn't find file 'tibia_l.vtp'.
[2025-03-31 13:06:55.596] [warning] Couldn't find file 'fibula_l.vtp'.
[2025-03-31 13:06:55.596] [warning] Couldn't find file 'talus_lv.vtp'.
[2025-03-31 13:06:55.597] [warning] Couldn't find file 'l_foot.vtp'.
[2025-03-31 13:06:55.597] [warning] Couldn't find file 'l_bofoot.vtp'.
[2025-03-31 13:06:55.597] [warning] Couldn't find file 'hat_spine.vtp'.
[2025-03-31 13:06:55.597] [warning] Couldn't find file 'hat_jaw.vtp'.
[2025-03-31 13:06:55.597] [warning] Couldn't find file 'hat_skull.vtp'.
[2025-03-31 13:06:55.597] [warning] Couldn't find file 'hat_ribs_scap.vtp'.
[2025-03-31 13:06:55.597] [warning] Couldn't find file 'humerus_rv.vtp'.
[2025-03-31 13:06:55.597] [warning] Couldn't find file 'ulna_rv.vtp'.
[2025-03-31 13:06:55.598] [warning] Couldn't find file 'radius_rv.vtp'.
[2025-03-31 13:06:55.598] [warning] Couldn't find file 'pisiform_rvs.vtp'.
[2025-03-31 13:06:55.598] [warning] Couldn't find file 'lunate_rvs.vtp'.
[2025-03-31 13:06:55.598] [warning] Couldn't find file 'scaphoid_rvs.vtp'.
[2025-03-31 13:06:55.598] [warning] Couldn't find file 'triquetrum_rvs.vtp'.
[2025-03-31 13:06:55.598] [warning] Couldn't find file 'hamate_rvs.vtp'.
[2025-03-31 13:06:55.598] [warning] Couldn't find file 'capitate_rvs.vtp'.
[2025-03-31 13:06:55.598] [warning] Couldn't find file 'trapezoid_rvs.vtp'.
[2025-03-31 13:06:55.598] [warning] Couldn't find file 'trapezium_rvs.vtp'.
[2025-03-31 13:06:55.599] [warning] Couldn't find file 'metacarpal2_rvs.vtp'.
[2025-03-31 13:06:55.599] [warning] Couldn't find file 'index_proximal_rvs.vtp'.
[2025-03-31 13:06:55.599] [warning] Couldn't find file 'index_medial_rvs.vtp'.
[2025-03-31 13:06:55.599] [warning] Couldn't find file 'index_distal_rvs.vtp'.
[2025-03-31 13:06:55.599] [warning] Couldn't find file 'metacarpal3_rvs.vtp'.
[2025-03-31 13:06:55.599] [warning] Couldn't find file 'middle_proximal_rvs.vtp'.
[2025-03-31 13:06:55.599] [warning] Couldn't find file 'middle_medial_rvs.vtp'.
[2025-03-31 13:06:55.599] [warning] Couldn't find file 'middle_distal_rvs.vtp'.
[2025-03-31 13:06:55.599] [warning] Couldn't find file 'metacarpal4_rvs.vtp'.
[2025-03-31 13:06:55.600] [warning] Couldn't find file 'ring_proximal_rvs.vtp'.
[2025-03-31 13:06:55.600] [warning] Couldn't find file 'ring_medial_rvs.vtp'.
[2025-03-31 13:06:55.600] [warning] Couldn't find file 'ring_distal_rvs.vtp'.
[2025-03-31 13:06:55.600] [warning] Couldn't find file 'metacarpal5_rvs.vtp'.
[2025-03-31 13:06:55.600] [warning] Couldn't find file 'little_proximal_rvs.vtp'.
[2025-03-31 13:06:55.600] [warning] Couldn't find file 'little_medial_rvs.vtp'.
[2025-03-31 13:06:55.600] [warning] Couldn't find file 'little_distal_rvs.vtp'.
[2025-03-31 13:06:55.600] [warning] Couldn't find file 'metacarpal1_rvs.vtp'.
[2025-03-31 13:06:55.601] [warning] Couldn't find file 'thumb_proximal_rvs.vtp'.
[2025-03-31 13:06:55.601] [warning] Couldn't find file 'thumb_distal_rvs.vtp'.
[2025-03-31 13:06:55.601] [warning] Couldn't find file 'humerus_lv.vtp'.
[2025-03-31 13:06:55.601] [warning] Couldn't find file 'ulna_lv.vtp'.
[2025-03-31 13:06:55.601] [warning] Couldn't find file 'radius_lv.vtp'.
[2025-03-31 13:06:55.601] [warning] Couldn't find file 'pisiform_lvs.vtp'.
[2025-03-31 13:06:55.601] [warning] Couldn't find file 'lunate_lvs.vtp'.
[2025-03-31 13:06:55.601] [warning] Couldn't find file 'scaphoid_lvs.vtp'.
[2025-03-31 13:06:55.602] [warning] Couldn't find file 'triquetrum_lvs.vtp'.
[2025-03-31 13:06:55.602] [warning] Couldn't find file 'hamate_lvs.vtp'.
[2025-03-31 13:06:55.602] [warning] Couldn't find file 'capitate_lvs.vtp'.
[2025-03-31 13:06:55.602] [warning] Couldn't find file 'trapezoid_lvs.vtp'.
[2025-03-31 13:06:55.602] [warning] Couldn't find file 'trapezium_lvs.vtp'.
[2025-03-31 13:06:55.602] [warning] Couldn't find file 'metacarpal2_lvs.vtp'.
[2025-03-31 13:06:55.602] [warning] Couldn't find file 'index_proximal_lvs.vtp'.
[2025-03-31 13:06:55.602] [warning] Couldn't find file 'index_medial_lvs.vtp'.
[2025-03-31 13:06:55.603] [warning] Couldn't find file 'index_distal_lvs.vtp'.
[2025-03-31 13:06:55.603] [warning] Couldn't find file 'metacarpal3_lvs.vtp'.
[2025-03-31 13:06:55.603] [warning] Couldn't find file 'middle_proximal_lvs.vtp'.
[2025-03-31 13:06:55.603] [warning] Couldn't find file 'middle_medial_lvs.vtp'.
[2025-03-31 13:06:55.603] [warning] Couldn't find file 'middle_distal_lvs.vtp'.
[2025-03-31 13:06:55.603] [warning] Couldn't find file 'metacarpal4_lvs.vtp'.
[2025-03-31 13:06:55.603] [warning] Couldn't find file 'ring_proximal_lvs.vtp'.
[2025-03-31 13:06:55.603] [warning] Couldn't find file 'ring_medial_lvs.vtp'.
[2025-03-31 13:06:55.604] [warning] Couldn't find file 'ring_distal_lvs.vtp'.
[2025-03-31 13:06:55.604] [warning] Couldn't find file 'metacarpal5_lvs.vtp'.
[2025-03-31 13:06:55.604] [warning] Couldn't find file 'little_proximal_lvs.vtp'.
[2025-03-31 13:06:55.604] [warning] Couldn't find file 'little_medial_lvs.vtp'.
[2025-03-31 13:06:55.604] [warning] Couldn't find file 'little_distal_lvs.vtp'.
[2025-03-31 13:06:55.604] [warning] Couldn't find file 'metacarpal1_lvs.vtp'.
[2025-03-31 13:06:55.604] [warning] Couldn't find file 'thumb_proximal_lvs.vtp'.
[2025-03-31 13:06:55.604] [warning] Couldn't find file 'thumb_distal_lvs.vtp'.
[2025-03-31 13:17:50.425] [info] Updating Model file from 40000 to latest format...
[2025-03-31 13:17:50.447] [info] Loaded model 3DGaitModelwithSimpleArms from file C:\Users\eriks\Documents\Code\opensimAD_linux\examples\Hamner_modified.osim
[2025-03-31 13:17:50.448] [warning] Couldn't find file 'sacrum.vtp'.
[2025-03-31 13:17:50.448] [warning] Couldn't find file 'pelvis.vtp'.
[2025-03-31 13:17:50.448] [warning] Couldn't find file 'l_pelvis.vtp'.
[2025-03-31 13:17:50.448] [warning] Couldn't find file 'femur_r.vtp'.
[2025-03-31 13:17:50.448] [warning] Couldn't find file 'tibia_r.vtp'.
[2025-03-31 13:17:50.448] [warning] Couldn't find file 'fibula_r.vtp'.
[2025-03-31 13:17:50.448] [warning] Couldn't find file 'talus_rv.vtp'.
[2025-03-31 13:17:50.448] [warning] Couldn't find file 'foot.vtp'.
[2025-03-31 13:17:50.448] [warning] Couldn't find file 'bofoot.vtp'.
[2025-03-31 13:17:50.449] [warning] Couldn't find file 'femur_l.vtp'.
[2025-03-31 13:17:50.449] [warning] Couldn't find file 'tibia_l.vtp'.
[2025-03-31 13:17:50.449] [warning] Couldn't find file 'fibula_l.vtp'.
[2025-03-31 13:17:50.449] [warning] Couldn't find file 'talus_lv.vtp'.
[2025-03-31 13:17:50.449] [warning] Couldn't find file 'l_foot.vtp'.
[2025-03-31 13:17:50.449] [warning] Couldn't find file 'l_bofoot.vtp'.
[2025-03-31 13:17:50.449] [warning] Couldn't find file 'hat_spine.vtp'.
[2025-03-31 13:17:50.450] [warning] Couldn't find file 'hat_jaw.vtp'.
[2025-03-31 13:17:50.450] [warning] Couldn't find file 'hat_skull.vtp'.
[2025-03-31 13:17:50.450] [warning] Couldn't find file 'hat_ribs_scap.vtp'.
[2025-03-31 13:17:50.450] [warning] Couldn't find file 'humerus_rv.vtp'.
[2025-03-31 13:17:50.450] [warning] Couldn't find file 'ulna_rv.vtp'.
[2025-03-31 13:17:50.450] [warning] Couldn't find file 'radius_rv.vtp'.
[2025-03-31 13:17:50.450] [warning] Couldn't find file 'pisiform_rvs.vtp'.
[2025-03-31 13:17:50.450] [warning] Couldn't find file 'lunate_rvs.vtp'.
[2025-03-31 13:17:50.451] [warning] Couldn't find file 'scaphoid_rvs.vtp'.
[2025-03-31 13:17:50.451] [warning] Couldn't find file 'triquetrum_rvs.vtp'.
[2025-03-31 13:17:50.451] [warning] Couldn't find file 'hamate_rvs.vtp'.
[2025-03-31 13:17:50.451] [warning] Couldn't find file 'capitate_rvs.vtp'.
[2025-03-31 13:17:50.451] [warning] Couldn't find file 'trapezoid_rvs.vtp'.
[2025-03-31 13:17:50.451] [warning] Couldn't find file 'trapezium_rvs.vtp'.
[2025-03-31 13:17:50.451] [warning] Couldn't find file 'metacarpal2_rvs.vtp'.
[2025-03-31 13:17:50.451] [warning] Couldn't find file 'index_proximal_rvs.vtp'.
[2025-03-31 13:17:50.452] [warning] Couldn't find file 'index_medial_rvs.vtp'.
[2025-03-31 13:17:50.452] [warning] Couldn't find file 'index_distal_rvs.vtp'.
[2025-03-31 13:17:50.452] [warning] Couldn't find file 'metacarpal3_rvs.vtp'.
[2025-03-31 13:17:50.452] [warning] Couldn't find file 'middle_proximal_rvs.vtp'.
[2025-03-31 13:17:50.452] [warning] Couldn't find file 'middle_medial_rvs.vtp'.
[2025-03-31 13:17:50.452] [warning] Couldn't find file 'middle_distal_rvs.vtp'.
[2025-03-31 13:17:50.452] [warning] Couldn't find file 'metacarpal4_rvs.vtp'.
[2025-03-31 13:17:50.452] [warning] Couldn't find file 'ring_proximal_rvs.vtp'.
[2025-03-31 13:17:50.453] [warning] Couldn't find file 'ring_medial_rvs.vtp'.
[2025-03-31 13:17:50.453] [warning] Couldn't find file 'ring_distal_rvs.vtp'.
[2025-03-31 13:17:50.453] [warning] Couldn't find file 'metacarpal5_rvs.vtp'.
[2025-03-31 13:17:50.453] [warning] Couldn't find file 'little_proximal_rvs.vtp'.
[2025-03-31 13:17:50.453] [warning] Couldn't find file 'little_medial_rvs.vtp'.
[2025-03-31 13:17:50.453] [warning] Couldn't find file 'little_distal_rvs.vtp'.
[2025-03-31 13:17:50.453] [warning] Couldn't find file 'metacarpal1_rvs.vtp'.
[2025-03-31 13:17:50.453] [warning] Couldn't find file 'thumb_proximal_rvs.vtp'.
[2025-03-31 13:17:50.454] [warning] Couldn't find file 'thumb_distal_rvs.vtp'.
[2025-03-31 13:17:50.454] [warning] Couldn't find file 'humerus_lv.vtp'.
[2025-03-31 13:17:50.454] [warning] Couldn't find file 'ulna_lv.vtp'.
[2025-03-31 13:17:50.454] [warning] Couldn't find file 'radius_lv.vtp'.
[2025-03-31 13:17:50.454] [warning] Couldn't find file 'pisiform_lvs.vtp'.
[2025-03-31 13:17:50.454] [warning] Couldn't find file 'lunate_lvs.vtp'.
[2025-03-31 13:17:50.454] [warning] Couldn't find file 'scaphoid_lvs.vtp'.
[2025-03-31 13:17:50.455] [warning] Couldn't find file 'triquetrum_lvs.vtp'.
[2025-03-31 13:17:50.455] [warning] Couldn't find file 'hamate_lvs.vtp'.
[2025-03-31 13:17:50.455] [warning] Couldn't find file 'capitate_lvs.vtp'.
[2025-03-31 13:17:50.455] [warning] Couldn't find file 'trapezoid_lvs.vtp'.
[2025-03-31 13:17:50.455] [warning] Couldn't find file 'trapezium_lvs.vtp'.
[2025-03-31 13:17:50.455] [warning] Couldn't find file 'metacarpal2_lvs.vtp'.
[2025-03-31 13:17:50.455] [warning] Couldn't find file 'index_proximal_lvs.vtp'.
[2025-03-31 13:17:50.456] [warning] Couldn't find file 'index_medial_lvs.vtp'.
[2025-03-31 13:17:50.456] [warning] Couldn't find file 'index_distal_lvs.vtp'.
[2025-03-31 13:17:50.456] [warning] Couldn't find file 'metacarpal3_lvs.vtp'.
[2025-03-31 13:17:50.456] [warning] Couldn't find file 'middle_proximal_lvs.vtp'.
[2025-03-31 13:17:50.456] [warning] Couldn't find file 'middle_medial_lvs.vtp'.
[2025-03-31 13:17:50.456] [warning] Couldn't find file 'middle_distal_lvs.vtp'.
[2025-03-31 13:17:50.456] [warning] Couldn't find file 'metacarpal4_lvs.vtp'.
[2025-03-31 13:17:50.457] [warning] Couldn't find file 'ring_proximal_lvs.vtp'.
[2025-03-31 13:17:50.457] [warning] Couldn't find file 'ring_medial_lvs.vtp'.
[2025-03-31 13:17:50.457] [warning] Couldn't find file 'ring_distal_lvs.vtp'.
[2025-03-31 13:17:50.457] [warning] Couldn't find file 'metacarpal5_lvs.vtp'.
[2025-03-31 13:17:50.457] [warning] Couldn't find file 'little_proximal_lvs.vtp'.
[2025-03-31 13:17:50.457] [warning] Couldn't find file 'little_medial_lvs.vtp'.
[2025-03-31 13:17:50.457] [warning] Couldn't find file 'little_distal_lvs.vtp'.
[2025-03-31 13:17:50.457] [warning] Couldn't find file 'metacarpal1_lvs.vtp'.
[2025-03-31 13:17:50.457] [warning] Couldn't find file 'thumb_proximal_lvs.vtp'.
[2025-03-31 13:17:50.458] [warning] Couldn't find file 'thumb_distal_lvs.vtp'.
[2025-03-31 13:25:44.985] [info] Updating Model file from 40000 to latest format...
[2025-03-31 13:25:45.010] [info] Loaded model 3DGaitModelwithSimpleArms from file C:\Users\eriks\Documents\Code\opensimAD_linux\examples\Hamner_modified.osim
[2025-03-31 13:25:45.010] [warning] Couldn't find file 'sacrum.vtp'.
[2025-03-31 13:25:45.011] [warning] Couldn't find file 'pelvis.vtp'.
[2025-03-31 13:25:45.011] [warning] Couldn't find file 'l_pelvis.vtp'.
[2025-03-31 13:25:45.011] [warning] Couldn't find file 'femur_r.vtp'.
[2025-03-31 13:25:45.011] [warning] Couldn't find file 'tibia_r.vtp'.
[2025-03-31 13:25:45.011] [warning] Couldn't find file 'fibula_r.vtp'.
[2025-03-31 13:25:45.011] [warning] Couldn't find file 'talus_rv.vtp'.
[2025-03-31 13:25:45.011] [warning] Couldn't find file 'foot.vtp'.
[2025-03-31 13:25:45.011] [warning] Couldn't find file 'bofoot.vtp'.
[2025-03-31 13:25:45.011] [warning] Couldn't find file 'femur_l.vtp'.
[2025-03-31 13:25:45.011] [warning] Couldn't find file 'tibia_l.vtp'.
[2025-03-31 13:25:45.012] [warning] Couldn't find file 'fibula_l.vtp'.
[2025-03-31 13:25:45.012] [warning] Couldn't find file 'talus_lv.vtp'.
[2025-03-31 13:25:45.012] [warning] Couldn't find file 'l_foot.vtp'.
[2025-03-31 13:25:45.012] [warning] Couldn't find file 'l_bofoot.vtp'.
[2025-03-31 13:25:45.012] [warning] Couldn't find file 'hat_spine.vtp'.
[2025-03-31 13:25:45.012] [warning] Couldn't find file 'hat_jaw.vtp'.
[2025-03-31 13:25:45.012] [warning] Couldn't find file 'hat_skull.vtp'.
[2025-03-31 13:25:45.012] [warning] Couldn't find file 'hat_ribs_scap.vtp'.
[2025-03-31 13:25:45.012] [warning] Couldn't find file 'humerus_rv.vtp'.
[2025-03-31 13:25:45.012] [warning] Couldn't find file 'ulna_rv.vtp'.
[2025-03-31 13:25:45.013] [warning] Couldn't find file 'radius_rv.vtp'.
[2025-03-31 13:25:45.013] [warning] Couldn't find file 'pisiform_rvs.vtp'.
[2025-03-31 13:25:45.013] [warning] Couldn't find file 'lunate_rvs.vtp'.
[2025-03-31 13:25:45.013] [warning] Couldn't find file 'scaphoid_rvs.vtp'.
[2025-03-31 13:25:45.013] [warning] Couldn't find file 'triquetrum_rvs.vtp'.
[2025-03-31 13:25:45.013] [warning] Couldn't find file 'hamate_rvs.vtp'.
[2025-03-31 13:25:45.013] [warning] Couldn't find file 'capitate_rvs.vtp'.
[2025-03-31 13:25:45.013] [warning] Couldn't find file 'trapezoid_rvs.vtp'.
[2025-03-31 13:25:45.013] [warning] Couldn't find file 'trapezium_rvs.vtp'.
[2025-03-31 13:25:45.013] [warning] Couldn't find file 'metacarpal2_rvs.vtp'.
[2025-03-31 13:25:45.014] [warning] Couldn't find file 'index_proximal_rvs.vtp'.
[2025-03-31 13:25:45.014] [warning] Couldn't find file 'index_medial_rvs.vtp'.
[2025-03-31 13:25:45.014] [warning] Couldn't find file 'index_distal_rvs.vtp'.
[2025-03-31 13:25:45.014] [warning] Couldn't find file 'metacarpal3_rvs.vtp'.
[2025-03-31 13:25:45.014] [warning] Couldn't find file 'middle_proximal_rvs.vtp'.
[2025-03-31 13:25:45.014] [warning] Couldn't find file 'middle_medial_rvs.vtp'.
[2025-03-31 13:25:45.014] [warning] Couldn't find file 'middle_distal_rvs.vtp'.
[2025-03-31 13:25:45.014] [warning] Couldn't find file 'metacarpal4_rvs.vtp'.
[2025-03-31 13:25:45.014] [warning] Couldn't find file 'ring_proximal_rvs.vtp'.
[2025-03-31 13:25:45.014] [warning] Couldn't find file 'ring_medial_rvs.vtp'.
[2025-03-31 13:25:45.015] [warning] Couldn't find file 'ring_distal_rvs.vtp'.
[2025-03-31 13:25:45.015] [warning] Couldn't find file 'metacarpal5_rvs.vtp'.
[2025-03-31 13:25:45.015] [warning] Couldn't find file 'little_proximal_rvs.vtp'.
[2025-03-31 13:25:45.015] [warning] Couldn't find file 'little_medial_rvs.vtp'.
[2025-03-31 13:25:45.015] [warning] Couldn't find file 'little_distal_rvs.vtp'.
[2025-03-31 13:25:45.015] [warning] Couldn't find file 'metacarpal1_rvs.vtp'.
[2025-03-31 13:25:45.015] [warning] Couldn't find file 'thumb_proximal_rvs.vtp'.
[2025-03-31 13:25:45.015] [warning] Couldn't find file 'thumb_distal_rvs.vtp'.
[2025-03-31 13:25:45.015] [warning] Couldn't find file 'humerus_lv.vtp'.
[2025-03-31 13:25:45.015] [warning] Couldn't find file 'ulna_lv.vtp'.
[2025-03-31 13:25:45.016] [warning] Couldn't find file 'radius_lv.vtp'.
[2025-03-31 13:25:45.016] [warning] Couldn't find file 'pisiform_lvs.vtp'.
[2025-03-31 13:25:45.016] [warning] Couldn't find file 'lunate_lvs.vtp'.
[2025-03-31 13:25:45.016] [warning] Couldn't find file 'scaphoid_lvs.vtp'.
[2025-03-31 13:25:45.016] [warning] Couldn't find file 'triquetrum_lvs.vtp'.
[2025-03-31 13:25:45.016] [warning] Couldn't find file 'hamate_lvs.vtp'.
[2025-03-31 13:25:45.016] [warning] Couldn't find file 'capitate_lvs.vtp'.
[2025-03-31 13:25:45.016] [warning] Couldn't find file 'trapezoid_lvs.vtp'.
[2025-03-31 13:25:45.016] [warning] Couldn't find file 'trapezium_lvs.vtp'.
[2025-03-31 13:25:45.016] [warning] Couldn't find file 'metacarpal2_lvs.vtp'.
[2025-03-31 13:25:45.016] [warning] Couldn't find file 'index_proximal_lvs.vtp'.
[2025-03-31 13:25:45.017] [warning] Couldn't find file 'index_medial_lvs.vtp'.
[2025-03-31 13:25:45.017] [warning] Couldn't find file 'index_distal_lvs.vtp'.
[2025-03-31 13:25:45.017] [warning] Couldn't find file 'metacarpal3_lvs.vtp'.
[2025-03-31 13:25:45.017] [warning] Couldn't find file 'middle_proximal_lvs.vtp'.
[2025-03-31 13:25:45.017] [warning] Couldn't find file 'middle_medial_lvs.vtp'.
[2025-03-31 13:25:45.017] [warning] Couldn't find file 'middle_distal_lvs.vtp'.
[2025-03-31 13:25:45.017] [warning] Couldn't find file 'metacarpal4_lvs.vtp'.
[2025-03-31 13:25:45.017] [warning] Couldn't find file 'ring_proximal_lvs.vtp'.
[2025-03-31 13:25:45.017] [warning] Couldn't find file 'ring_medial_lvs.vtp'.
[2025-03-31 13:25:45.017] [warning] Couldn't find file 'ring_distal_lvs.vtp'.
[2025-03-31 13:25:45.018] [warning] Couldn't find file 'metacarpal5_lvs.vtp'.
[2025-03-31 13:25:45.018] [warning] Couldn't find file 'little_proximal_lvs.vtp'.
[2025-03-31 13:25:45.018] [warning] Couldn't find file 'little_medial_lvs.vtp'.
[2025-03-31 13:25:45.018] [warning] Couldn't find file 'little_distal_lvs.vtp'.
[2025-03-31 13:25:45.018] [warning] Couldn't find file 'metacarpal1_lvs.vtp'.
[2025-03-31 13:25:45.018] [warning] Couldn't find file 'thumb_proximal_lvs.vtp'.
[2025-03-31 13:25:45.018] [warning] Couldn't find file 'thumb_distal_lvs.vtp'.
